<?xml version="1.0" encoding="UTF-8"?>
<robot generator="Robot 3.1.1 (Python 3.7.4 on darwin)" generated="20201202 22:02:53.101" rpa="false">
<suite id="s1" name="Weather" source="/Users/karthick/Documents/Dyson-QA-Assessment/suites/weather.robot">
<kw name="Suite Setup" library="common" type="setup">
<kw name="Get Connected Device Id" library="common">
<assign>
<var>${DEVICE_NAME}</var>
</assign>
<kw name="Run" library="OperatingSystem">
<doc>Runs the given command in the system and returns the output.</doc>
<arguments>
<arg>adb devices</arg>
</arguments>
<assign>
<var>${RUN_ADB_CMD}</var>
</assign>
<msg timestamp="20201202 22:02:53.469" level="INFO">Running command 'adb devices 2&gt;&amp;1'.</msg>
<msg timestamp="20201202 22:02:53.490" level="INFO">${RUN_ADB_CMD} = List of devices attached
4742d4dc7d83	device
</msg>
<status status="PASS" starttime="20201202 22:02:53.467" endtime="20201202 22:02:53.491"></status>
</kw>
<kw name="Split String" library="String">
<doc>Splits the ``string`` using ``separator`` as a delimiter string.</doc>
<arguments>
<arg>${RUN_ADB_CMD}</arg>
<arg>\n</arg>
</arguments>
<assign>
<var>${GET_DEVICE_INFO}</var>
</assign>
<msg timestamp="20201202 22:02:53.492" level="INFO">${GET_DEVICE_INFO} = ['List of devices attached', '4742d4dc7d83\tdevice', '']</msg>
<status status="PASS" starttime="20201202 22:02:53.492" endtime="20201202 22:02:53.492"></status>
</kw>
<kw name="Split String" library="String">
<doc>Splits the ``string`` using ``separator`` as a delimiter string.</doc>
<arguments>
<arg>${GET_DEVICE_INFO}[1]</arg>
<arg>\t</arg>
</arguments>
<assign>
<var>${GET_DEVICE_ID}</var>
</assign>
<msg timestamp="20201202 22:02:53.493" level="INFO">${GET_DEVICE_ID} = ['4742d4dc7d83', 'device']</msg>
<status status="PASS" starttime="20201202 22:02:53.492" endtime="20201202 22:02:53.493"></status>
</kw>
<msg timestamp="20201202 22:02:53.493" level="INFO">${DEVICE_NAME} = 4742d4dc7d83</msg>
<status status="PASS" starttime="20201202 22:02:53.466" endtime="20201202 22:02:53.493"></status>
</kw>
<kw name="Open Application" library="AppiumLibrary">
<doc>Opens a new application to given Appium server.
Capabilities of appium server, Android and iOS,
Please check https://github.com/appium/appium/blob/master/docs/en/writing-running-appium/server-args.md
| *Option*            | *Man.* | *Description*     |
| remote_url          | Yes    | Appium server url |
| alias               | no     | alias             |</doc>
<arguments>
<arg>${REMOTE_URL}</arg>
<arg>app=${APP_ANDROID}</arg>
<arg>automationName=${AUTOMATION_NAME}</arg>
<arg>platformName=${PLATFORM_NAME_ANDROID}</arg>
<arg>deviceName=${DEVICE_NAME}</arg>
<arg>appPackage=${APP_PACKAGE}</arg>
<arg>noReset=${RESET_OFF}</arg>
<arg>appActivity=${AppAct}</arg>
</arguments>
<status status="PASS" starttime="20201202 22:02:53.493" endtime="20201202 22:03:11.606"></status>
</kw>
<kw name="Wait Until Page Contains" library="AppiumLibrary">
<doc>Waits until `text` appears on current page.</doc>
<arguments>
<arg>${PAGE_TITLE}</arg>
</arguments>
<status status="PASS" starttime="20201202 22:03:11.606" endtime="20201202 22:03:12.772"></status>
</kw>
<kw name="Page Should Contain Text" library="AppiumLibrary">
<doc>Verifies that current page contains `text`.</doc>
<arguments>
<arg>${PAGE_TITLE}</arg>
</arguments>
<msg timestamp="20201202 22:03:12.830" level="INFO">Current page contains text 'Outdoor data'.</msg>
<status status="PASS" starttime="20201202 22:03:12.772" endtime="20201202 22:03:12.830"></status>
</kw>
<status status="PASS" starttime="20201202 22:02:53.466" endtime="20201202 22:03:12.830"></status>
</kw>
<test id="s1-t1" name="Scenario: Get the high level weather forecast">
<kw name="Given I have an internet connection" library="common">
<kw name="Get Network Connection Status" library="AppiumLibrary">
<doc>Returns an integer bitmask specifying the network connection type.</doc>
<status status="PASS" starttime="20201202 22:03:12.831" endtime="20201202 22:03:15.712"></status>
</kw>
<kw name="Element Should Contain Text" library="AppiumLibrary">
<doc>Verifies element identified by ``locator`` contains text ``expected``.</doc>
<arguments>
<arg>${INTERNET_CONNECTION_STATUS}</arg>
<arg>${INTERNET_CONNECTION_TXT}</arg>
</arguments>
<msg timestamp="20201202 22:03:15.714" level="INFO">Verifying element 'com.dyson.recruitment.test:id/connection_display_title' contains text 'Connected'.</msg>
<status status="PASS" starttime="20201202 22:03:15.712" endtime="20201202 22:03:15.775"></status>
</kw>
<kw name="Element Should Contain Text" library="AppiumLibrary">
<doc>Verifies element identified by ``locator`` contains text ``expected``.</doc>
<arguments>
<arg>${INTERNET_DISPLAY_MSG_STATUS}</arg>
<arg>${INTERNET_CONNECTION_DISPLAY_MSG}</arg>
</arguments>
<msg timestamp="20201202 22:03:15.778" level="INFO">Verifying element 'com.dyson.recruitment.test:id/connection_display_description' contains text 'You are connected to the internet.'.</msg>
<status status="PASS" starttime="20201202 22:03:15.776" endtime="20201202 22:03:15.819"></status>
</kw>
<kw name="Capture Page Screenshot" library="AppiumLibrary">
<doc>Takes a screenshot of the current page and embeds it into the log.</doc>
<msg timestamp="20201202 22:03:16.353" level="INFO" html="yes">&lt;/td&gt;&lt;/tr&gt;&lt;tr&gt;&lt;td colspan="3"&gt;&lt;a href="appium-screenshot-1.png"&gt;&lt;img src="appium-screenshot-1.png" width="800px"&gt;&lt;/a&gt;</msg>
<status status="PASS" starttime="20201202 22:03:15.820" endtime="20201202 22:03:16.353"></status>
</kw>
<status status="PASS" starttime="20201202 22:03:12.831" endtime="20201202 22:03:16.353"></status>
</kw>
<kw name="When I have successfully downloaded the weather data" library="common">
<kw name="Click Element" library="AppiumLibrary">
<doc>Click element identified by `locator`.</doc>
<arguments>
<arg>${CLICK_FETCH_DATA_BUTTON}</arg>
</arguments>
<msg timestamp="20201202 22:03:16.356" level="INFO">Clicking element 'com.dyson.recruitment.test:id/connection_display_primary_button'.</msg>
<status status="PASS" starttime="20201202 22:03:16.354" endtime="20201202 22:03:16.408"></status>
</kw>
<kw name="Wait Until Element Is Visible" library="AppiumLibrary">
<doc>Waits until element specified with `locator` is visible.</doc>
<arguments>
<arg>${FETCH_DATA_TITLE_ID}</arg>
</arguments>
<status status="PASS" starttime="20201202 22:03:16.409" endtime="20201202 22:03:18.336"></status>
</kw>
<kw name="Element Should Contain Text" library="AppiumLibrary">
<doc>Verifies element identified by ``locator`` contains text ``expected``.</doc>
<arguments>
<arg>${FETCH_DATA_TITLE_ID}</arg>
<arg>${FETCH_DATA_TITLE_TXT}</arg>
<arg>message="Weather Data Successfully Downloaded"</arg>
</arguments>
<msg timestamp="20201202 22:03:18.338" level="INFO">Verifying element 'com.dyson.recruitment.test:id/fetch_data_title' contains text 'Data collected'.</msg>
<status status="PASS" starttime="20201202 22:03:18.336" endtime="20201202 22:03:18.377"></status>
</kw>
<kw name="Element Should Contain Text" library="AppiumLibrary">
<doc>Verifies element identified by ``locator`` contains text ``expected``.</doc>
<arguments>
<arg>${FETCH_DATA_DESC_ID}</arg>
<arg>${FETCH_WEATHER_DATA_MSG}</arg>
</arguments>
<msg timestamp="20201202 22:03:18.380" level="INFO">Verifying element 'com.dyson.recruitment.test:id/fetch_data_description' contains text 'The weather data has been successfully collected.'.</msg>
<status status="PASS" starttime="20201202 22:03:18.377" endtime="20201202 22:03:18.420"></status>
</kw>
<kw name="Capture Page Screenshot" library="AppiumLibrary">
<doc>Takes a screenshot of the current page and embeds it into the log.</doc>
<msg timestamp="20201202 22:03:18.940" level="INFO" html="yes">&lt;/td&gt;&lt;/tr&gt;&lt;tr&gt;&lt;td colspan="3"&gt;&lt;a href="appium-screenshot-2.png"&gt;&lt;img src="appium-screenshot-2.png" width="800px"&gt;&lt;/a&gt;</msg>
<status status="PASS" starttime="20201202 22:03:18.420" endtime="20201202 22:03:18.940"></status>
</kw>
<status status="PASS" starttime="20201202 22:03:16.354" endtime="20201202 22:03:18.941"></status>
</kw>
<kw name="Then I can see the weather and temperature for today" library="common">
<kw name="Click Element" library="AppiumLibrary">
<doc>Click element identified by `locator`.</doc>
<arguments>
<arg>${VIEW_RESULTS_BUTTON}</arg>
</arguments>
<msg timestamp="20201202 22:03:18.943" level="INFO">Clicking element 'com.dyson.recruitment.test:id/fetch_data_primary_button'.</msg>
<status status="PASS" starttime="20201202 22:03:18.941" endtime="20201202 22:03:18.992"></status>
</kw>
<kw name="Wait Until Element Is Visible" library="AppiumLibrary">
<doc>Waits until element specified with `locator` is visible.</doc>
<arguments>
<arg>${DISPLAY_TEMP_TITLE}</arg>
</arguments>
<status status="PASS" starttime="20201202 22:03:18.993" endtime="20201202 22:03:19.632"></status>
</kw>
<kw name="Element Should Contain Text" library="AppiumLibrary">
<doc>Verifies element identified by ``locator`` contains text ``expected``.</doc>
<arguments>
<arg>${DISPLAY_TEMP_TITLE}</arg>
<arg>${DISPLAY_TEMP_TITLE_TXT}</arg>
</arguments>
<msg timestamp="20201202 22:03:19.634" level="INFO">Verifying element 'com.dyson.recruitment.test:id/weather_display_temperature_title' contains text 'Temperature'.</msg>
<status status="PASS" starttime="20201202 22:03:19.632" endtime="20201202 22:03:19.677"></status>
</kw>
<kw name="Get Text" library="AppiumLibrary">
<doc>Get element text (for hybrid and mobile browser use `xpath` locator, others might cause problem)</doc>
<arguments>
<arg>${TODAY_WEATHER_VALUE}</arg>
</arguments>
<assign>
<var>${TODAY_WEATHER}</var>
</assign>
<msg timestamp="20201202 22:03:19.720" level="INFO">Element 'com.dyson.recruitment.test:id/weather_display_weather_value' text is 'Clouds' </msg>
<msg timestamp="20201202 22:03:19.721" level="INFO">${TODAY_WEATHER} = Clouds</msg>
<status status="PASS" starttime="20201202 22:03:19.677" endtime="20201202 22:03:19.721"></status>
</kw>
<kw name="Get Text" library="AppiumLibrary">
<doc>Get element text (for hybrid and mobile browser use `xpath` locator, others might cause problem)</doc>
<arguments>
<arg>${TODAY_TEMPERATURE_VALUE}</arg>
</arguments>
<assign>
<var>${TODAY_TEMP}</var>
</assign>
<msg timestamp="20201202 22:03:19.764" level="INFO">Element 'com.dyson.recruitment.test:id/weather_display_temperature_value' text is '8.71 C' </msg>
<msg timestamp="20201202 22:03:19.764" level="INFO">${TODAY_TEMP} = 8.71 C</msg>
<status status="PASS" starttime="20201202 22:03:19.721" endtime="20201202 22:03:19.764"></status>
</kw>
<kw name="Capture Page Screenshot" library="AppiumLibrary">
<doc>Takes a screenshot of the current page and embeds it into the log.</doc>
<msg timestamp="20201202 22:03:20.263" level="INFO" html="yes">&lt;/td&gt;&lt;/tr&gt;&lt;tr&gt;&lt;td colspan="3"&gt;&lt;a href="appium-screenshot-3.png"&gt;&lt;img src="appium-screenshot-3.png" width="800px"&gt;&lt;/a&gt;</msg>
<status status="PASS" starttime="20201202 22:03:19.764" endtime="20201202 22:03:20.263"></status>
</kw>
<kw name="Log" library="BuiltIn">
<doc>Logs the given message with the given level.</doc>
<arguments>
<arg>Today Weather Is : ${TODAY_WEATHER}</arg>
</arguments>
<msg timestamp="20201202 22:03:20.263" level="INFO">Today Weather Is : Clouds</msg>
<status status="PASS" starttime="20201202 22:03:20.263" endtime="20201202 22:03:20.263"></status>
</kw>
<kw name="Log" library="BuiltIn">
<doc>Logs the given message with the given level.</doc>
<arguments>
<arg>Today Temperature Is : ${TODAY_TEMP}</arg>
</arguments>
<msg timestamp="20201202 22:03:20.264" level="INFO">Today Temperature Is : 8.71 C</msg>
<status status="PASS" starttime="20201202 22:03:20.263" endtime="20201202 22:03:20.264"></status>
</kw>
<status status="PASS" starttime="20201202 22:03:18.941" endtime="20201202 22:03:20.264"></status>
</kw>
<tags>
<tag>smoke</tag>
</tags>
<status status="PASS" starttime="20201202 22:03:12.830" endtime="20201202 22:03:20.264" critical="yes"></status>
</test>
<kw name="Suite Teardown" library="common" type="teardown">
<kw name="Close Application" library="AppiumLibrary">
<doc>Closes the current application and also close webdriver session.</doc>
<status status="PASS" starttime="20201202 22:03:20.267" endtime="20201202 22:03:21.297"></status>
</kw>
<status status="PASS" starttime="20201202 22:03:20.266" endtime="20201202 22:03:21.297"></status>
</kw>
<doc>Weather - In order to improve my hike today as a keen hiker I want to be able to view today's weather</doc>
<status status="PASS" starttime="20201202 22:02:53.103" endtime="20201202 22:03:21.297"></status>
</suite>
<statistics>
<total>
<stat pass="1" fail="0">Critical Tests</stat>
<stat pass="1" fail="0">All Tests</stat>
</total>
<tag>
<stat pass="1" fail="0">smoke</stat>
</tag>
<suite>
<stat pass="1" fail="0" id="s1" name="Weather">Weather</stat>
</suite>
</statistics>
<errors>
</errors>
</robot>
